[debug] [2023-05-15T16:23:00.328Z] ----------------------------------------------------------------------
[debug] [2023-05-15T16:23:00.329Z] Command:       /Users/austinhigh/.nvm/versions/node/v14.19.1/bin/node /Users/austinhigh/.nvm/versions/node/v14.19.1/bin/firebase init
[debug] [2023-05-15T16:23:00.329Z] CLI Version:   11.9.0
[debug] [2023-05-15T16:23:00.329Z] Platform:      darwin
[debug] [2023-05-15T16:23:00.329Z] Node Version:  v14.19.1
[debug] [2023-05-15T16:23:00.330Z] Time:          Mon May 15 2023 12:23:00 GMT-0400 (Eastern Daylight Time)
[debug] [2023-05-15T16:23:00.330Z] ----------------------------------------------------------------------
[debug] 
[debug] [2023-05-15T16:23:00.380Z] > command requires scopes: ["email","openid","https://www.googleapis.com/auth/cloudplatformprojects.readonly","https://www.googleapis.com/auth/firebase","https://www.googleapis.com/auth/cloud-platform"]
[debug] [2023-05-15T16:23:00.381Z] > authorizing via signed-in user (stewartassociatesllc@gmail.com)
[info] 
     ######## #### ########  ######## ########     ###     ######  ########
     ##        ##  ##     ## ##       ##     ##  ##   ##  ##       ##
     ######    ##  ########  ######   ########  #########  ######  ######
     ##        ##  ##    ##  ##       ##     ## ##     ##       ## ##
     ##       #### ##     ## ######## ########  ##     ##  ######  ########

You're about to initialize a Firebase project in this directory:

  /Users/austinhigh/React/bfa-csv

Before we get started, keep in mind:

  * You are initializing within an existing Firebase project directory

[info] 
=== Project Setup
[info] 
[info] First, let's associate this project directory with a Firebase project.
[info] You can create multiple project aliases by running firebase use --add, 
[info] but for now we'll just set up a default project.
[info] 
[debug] [2023-05-15T16:23:04.665Z] Using project from CLI flag: bfa-csv
[debug] [2023-05-15T16:23:04.667Z] > refreshing access token with scopes: []
[debug] [2023-05-15T16:23:04.670Z] >>> [apiv2][query] POST https://www.googleapis.com/oauth2/v3/token [none]
[debug] [2023-05-15T16:23:04.670Z] >>> [apiv2][body] POST https://www.googleapis.com/oauth2/v3/token [omitted]
[debug] [2023-05-15T16:23:04.849Z] <<< [apiv2][status] POST https://www.googleapis.com/oauth2/v3/token 400
[debug] [2023-05-15T16:23:04.849Z] <<< [apiv2][body] POST https://www.googleapis.com/oauth2/v3/token [omitted]
[debug] [2023-05-15T16:23:04.850Z] >>> [apiv2][query] GET https://firebase.googleapis.com/v1beta1/projects/bfa-csv [none]
[debug] [2023-05-15T16:23:05.041Z] <<< [apiv2][status] GET https://firebase.googleapis.com/v1beta1/projects/bfa-csv 401
[debug] [2023-05-15T16:23:05.042Z] <<< [apiv2][body] GET https://firebase.googleapis.com/v1beta1/projects/bfa-csv {"error":{"code":401,"message":"Request had invalid authentication credentials. Expected OAuth 2 access token, login cookie or other valid authentication credential. See https://developers.google.com/identity/sign-in/web/devconsole-project.","status":"UNAUTHENTICATED"}}
[debug] [2023-05-15T16:23:05.043Z] HTTP Error: 401, Request had invalid authentication credentials. Expected OAuth 2 access token, login cookie or other valid authentication credential. See https://developers.google.com/identity/sign-in/web/devconsole-project.
[debug] [2023-05-15T16:23:05.045Z] FirebaseError: HTTP Error: 401, Request had invalid authentication credentials. Expected OAuth 2 access token, login cookie or other valid authentication credential. See https://developers.google.com/identity/sign-in/web/devconsole-project.
    at responseToError (/Users/austinhigh/.nvm/versions/node/v14.19.1/lib/node_modules/firebase-tools/lib/responseToError.js:49:12)
    at RetryOperation._fn (/Users/austinhigh/.nvm/versions/node/v14.19.1/lib/node_modules/firebase-tools/lib/apiv2.js:288:77)
    at processTicksAndRejections (internal/process/task_queues.js:95:5)
[error] 
[error] Error: Failed to get Firebase project bfa-csv. Please make sure the project exists and your account has permission to access it.
[debug] [2023-05-15T16:23:39.720Z] ----------------------------------------------------------------------
[debug] [2023-05-15T16:23:39.721Z] Command:       /Users/austinhigh/.nvm/versions/node/v14.19.1/bin/node /Users/austinhigh/.nvm/versions/node/v14.19.1/bin/firebase init
[debug] [2023-05-15T16:23:39.722Z] CLI Version:   11.9.0
[debug] [2023-05-15T16:23:39.722Z] Platform:      darwin
[debug] [2023-05-15T16:23:39.722Z] Node Version:  v14.19.1
[debug] [2023-05-15T16:23:39.723Z] Time:          Mon May 15 2023 12:23:39 GMT-0400 (Eastern Daylight Time)
[debug] [2023-05-15T16:23:39.723Z] ----------------------------------------------------------------------
[debug] 
[debug] [2023-05-15T16:23:39.775Z] > command requires scopes: ["email","openid","https://www.googleapis.com/auth/cloudplatformprojects.readonly","https://www.googleapis.com/auth/firebase","https://www.googleapis.com/auth/cloud-platform"]
[debug] [2023-05-15T16:23:39.775Z] > authorizing via signed-in user (stewartassociatesllc@gmail.com)
[info] 
     ######## #### ########  ######## ########     ###     ######  ########
     ##        ##  ##     ## ##       ##     ##  ##   ##  ##       ##
     ######    ##  ########  ######   ########  #########  ######  ######
     ##        ##  ##    ##  ##       ##     ## ##     ##       ## ##
     ##       #### ##     ## ######## ########  ##     ##  ######  ########

You're about to initialize a Firebase project in this directory:

  /Users/austinhigh/React/bfa-csv

Before we get started, keep in mind:

  * You are initializing within an existing Firebase project directory

[info] 
=== Project Setup
[info] 
[info] First, let's associate this project directory with a Firebase project.
[info] You can create multiple project aliases by running firebase use --add, 
[info] but for now we'll just set up a default project.
[info] 
[debug] [2023-05-15T16:23:43.146Z] Using project from CLI flag: bfa-csv
[debug] [2023-05-15T16:23:43.147Z] > refreshing access token with scopes: []
[debug] [2023-05-15T16:23:43.150Z] >>> [apiv2][query] POST https://www.googleapis.com/oauth2/v3/token [none]
[debug] [2023-05-15T16:23:43.150Z] >>> [apiv2][body] POST https://www.googleapis.com/oauth2/v3/token [omitted]
[debug] [2023-05-15T16:23:43.360Z] <<< [apiv2][status] POST https://www.googleapis.com/oauth2/v3/token 400
[debug] [2023-05-15T16:23:43.360Z] <<< [apiv2][body] POST https://www.googleapis.com/oauth2/v3/token [omitted]
[debug] [2023-05-15T16:23:43.361Z] >>> [apiv2][query] GET https://firebase.googleapis.com/v1beta1/projects/bfa-csv [none]
[debug] [2023-05-15T16:23:43.491Z] <<< [apiv2][status] GET https://firebase.googleapis.com/v1beta1/projects/bfa-csv 401
[debug] [2023-05-15T16:23:43.491Z] <<< [apiv2][body] GET https://firebase.googleapis.com/v1beta1/projects/bfa-csv {"error":{"code":401,"message":"Request had invalid authentication credentials. Expected OAuth 2 access token, login cookie or other valid authentication credential. See https://developers.google.com/identity/sign-in/web/devconsole-project.","status":"UNAUTHENTICATED"}}
[debug] [2023-05-15T16:23:43.492Z] HTTP Error: 401, Request had invalid authentication credentials. Expected OAuth 2 access token, login cookie or other valid authentication credential. See https://developers.google.com/identity/sign-in/web/devconsole-project.
[debug] [2023-05-15T16:23:43.493Z] FirebaseError: HTTP Error: 401, Request had invalid authentication credentials. Expected OAuth 2 access token, login cookie or other valid authentication credential. See https://developers.google.com/identity/sign-in/web/devconsole-project.
    at responseToError (/Users/austinhigh/.nvm/versions/node/v14.19.1/lib/node_modules/firebase-tools/lib/responseToError.js:49:12)
    at RetryOperation._fn (/Users/austinhigh/.nvm/versions/node/v14.19.1/lib/node_modules/firebase-tools/lib/apiv2.js:288:77)
    at processTicksAndRejections (internal/process/task_queues.js:95:5)
[error] 
[error] Error: Failed to get Firebase project bfa-csv. Please make sure the project exists and your account has permission to access it.
